app/build/intermediates/manifest_merge_blame_file/debug/manifest-merger-blame-debug-report.txt
1<?xml version="1.0" encoding="utf-8"?>
2<manifest xmlns:android="http://schemas.android.com/apk/res/android"
3    package="com.pmdm.proyectoandroid"
4    android:versionCode="1"
5    android:versionName="1.0" >
6
7    <uses-sdk
8        android:minSdkVersion="23"
8-->src\main\AndroidManifest.xml
9        android:targetSdkVersion="29" />
9-->src\main\AndroidManifest.xml
10
11    <uses-permission android:name="android.permission.CAMERA" />
11-->src\main\AndroidManifest.xml:5:5-64
11-->src\main\AndroidManifest.xml:5:22-62
12
13    <uses-feature
13-->src\main\AndroidManifest.xml:6:5-7:34
14        android:name="android.hardware.camera"
14-->src\main\AndroidManifest.xml:6:19-57
15        android:required="true" />
15-->src\main\AndroidManifest.xml:7:9-32
16
17    <uses-permission android:name="android.permission.ACCESS_FINE_LOCATION" />
17-->src\main\AndroidManifest.xml:8:5-79
17-->src\main\AndroidManifest.xml:8:22-76
18
19    <application
19-->src\main\AndroidManifest.xml:11:5-28:19
20        android:allowBackup="true"
20-->src\main\AndroidManifest.xml:12:9-35
21        android:appComponentFactory="androidx.core.app.CoreComponentFactory"
21-->[androidx.core:core:1.0.2] AndroidManifest.xml:22:18-86
22        android:debuggable="true"
23        android:icon="@mipmap/ic_launcher"
23-->src\main\AndroidManifest.xml:13:9-43
24        android:label="@string/app_name"
24-->src\main\AndroidManifest.xml:14:9-41
25        android:roundIcon="@mipmap/ic_launcher_round"
25-->src\main\AndroidManifest.xml:15:9-54
26        android:supportsRtl="true"
26-->src\main\AndroidManifest.xml:16:9-35
27        android:testOnly="true"
28        android:theme="@style/AppTheme" >
28-->src\main\AndroidManifest.xml:17:9-40
29        <activity android:name="com.pmdm.proyectoandroid.Reto3Activity" />
29-->src\main\AndroidManifest.xml:18:9-60
29-->src\main\AndroidManifest.xml:18:19-48
30        <activity android:name="com.pmdm.proyectoandroid.Reto2Activity" />
30-->src\main\AndroidManifest.xml:19:9-51
30-->src\main\AndroidManifest.xml:19:19-48
31        <activity android:name="com.pmdm.proyectoandroid.Reto1Activity" />
31-->src\main\AndroidManifest.xml:20:9-51
31-->src\main\AndroidManifest.xml:20:19-48
32        <activity android:name="com.pmdm.proyectoandroid.MainActivity" >
32-->src\main\AndroidManifest.xml:21:9-27:20
32-->src\main\AndroidManifest.xml:21:19-47
33            <intent-filter>
33-->src\main\AndroidManifest.xml:22:13-26:29
34                <action android:name="android.intent.action.MAIN" />
34-->src\main\AndroidManifest.xml:23:17-69
34-->src\main\AndroidManifest.xml:23:25-66
35
36                <category android:name="android.intent.category.LAUNCHER" />
36-->src\main\AndroidManifest.xml:25:17-77
36-->src\main\AndroidManifest.xml:25:27-74
37            </intent-filter>
38        </activity>
39    </application>
40
41</manifest>